#
# There is insufficient memory for the Java Runtime Environment to continue.
# Native memory allocation (malloc) failed to allocate 131088 bytes for Chunk::new
# Possible reasons:
#   The system is out of physical RAM or swap space
#   In 32 bit mode, the process size limit was hit
# Possible solutions:
#   Reduce memory load on the system
#   Increase physical memory or swap space
#   Check if swap backing store is full
#   Use 64 bit Java on a 64 bit OS
#   Decrease Java heap size (-Xmx/-Xms)
#   Decrease number of Java threads
#   Decrease Java thread stack sizes (-Xss)
#   Set larger code cache with -XX:ReservedCodeCacheSize=
# This output file may be truncated or incomplete.
#
#  Out of Memory Error (allocation.cpp:390), pid=15096, tid=0x0000000000001cc4
#
# JRE version: Java(TM) SE Runtime Environment (8.0_172-b11) (build 1.8.0_172-b11)
# Java VM: Java HotSpot(TM) 64-Bit Server VM (25.172-b11 mixed mode windows-amd64 compressed oops)
# Failed to write core dump. Minidumps are not enabled by default on client versions of Windows
#

---------------  T H R E A D  ---------------

Current thread (0x00000000572c3000):  JavaThread "C2 CompilerThread1" daemon [_thread_in_native, id=7364, stack(0x0000000057c50000,0x0000000057d50000)]

Stack: [0x0000000057c50000,0x0000000057d50000]
[error occurred during error reporting (printing stack bounds), id 0xc0000005]

Native frames: (J=compiled Java code, j=interpreted, Vv=VM code, C=native code)


Current CompileTask:
C2:5052979 23906       4       org.gradle.api.internal.artifacts.ivyservice.resolveengine.artifact.ResolvedArtifactsGraphVisitor::getArtifacts (197 bytes)


---------------  P R O C E S S  ---------------

Java Threads: ( => current thread )
  0x000000005db02800 JavaThread "Cache worker for Build Output Cleanup Cache (F:\cemproject\studiowork\PowerQuality\.gradle\buildOutputCleanup)" [_thread_blocked, id=15440, stack(0x00000000661d0000,0x00000000662d0000)]
  0x0000000059a8a000 JavaThread "Cache worker for task history cache (F:\cemproject\studiowork\PowerQuality\.gradle\4.10.1\taskHistory)" [_thread_blocked, id=11996, stack(0x00000000666e0000,0x00000000667e0000)]
  0x0000000059a8d000 JavaThread "Task worker for ':' Thread 3" [_thread_blocked, id=8796, stack(0x0000000064b30000,0x0000000064c30000)]
  0x0000000059a93000 JavaThread "Task worker for ':' Thread 2" [_thread_blocked, id=9332, stack(0x0000000066070000,0x0000000066170000)]
  0x000000005b0b2800 JavaThread "Task worker for ':'" [_thread_in_native, id=14240, stack(0x0000000064f10000,0x0000000065010000)]
  0x000000005b0b0000 JavaThread "Cache worker for file content cache (F:\cemproject\studiowork\PowerQuality\.gradle\4.10.1\fileContent)" [_thread_blocked, id=15532, stack(0x0000000064a10000,0x0000000064b10000)]
  0x000000005b0ac800 JavaThread "pool-19-thread-1" [_thread_blocked, id=10928, stack(0x0000000063680000,0x0000000063780000)]
  0x000000005b0b1000 JavaThread "Build operations Thread 4" [_thread_blocked, id=13848, stack(0x0000000064880000,0x0000000064980000)]
  0x000000005b0ae800 JavaThread "Build operations Thread 3" [_thread_blocked, id=7848, stack(0x0000000063ab0000,0x0000000063bb0000)]
  0x000000005b0b1800 JavaThread "Build operations Thread 2" [_thread_blocked, id=14484, stack(0x0000000061c90000,0x0000000061d90000)]
  0x000000005f48b000 JavaThread "Build operations" [_thread_blocked, id=6644, stack(0x0000000060a10000,0x0000000060b10000)]
  0x000000005f48e000 JavaThread "Cache worker for cache directory md-rule (C:\Users\maozhuowen\.gradle\caches\4.10.1\md-rule)" [_thread_blocked, id=12572, stack(0x0000000060840000,0x0000000060940000)]
  0x000000005f488000 JavaThread "Cache worker for cache directory md-supplier (C:\Users\maozhuowen\.gradle\caches\4.10.1\md-supplier)" [_thread_blocked, id=12712, stack(0x0000000060680000,0x0000000060780000)]
  0x000000005f48c800 JavaThread "Cache worker for file hash cache (F:\cemproject\studiowork\PowerQuality\.gradle\4.10.1\fileHashes)" [_thread_blocked, id=14384, stack(0x000000005d0f0000,0x000000005d1f0000)]
  0x000000005f48a000 JavaThread "Stdin handler" [_thread_blocked, id=13364, stack(0x000000005e890000,0x000000005e990000)]
  0x000000005f48b800 JavaThread "Asynchronous log dispatcher for DefaultDaemonConnection: socket connection from /127.0.0.1:61158 to /127.0.0.1:61797" [_thread_blocked, id=15800, stack(0x000000005d410000,0x000000005d510000)]
  0x000000005f48d000 JavaThread "Daemon worker Thread 11" [_thread_blocked, id=8724, stack(0x000000005a2e0000,0x000000005a3e0000)]
  0x000000005f488800 JavaThread "Cancel handler" [_thread_blocked, id=5512, stack(0x000000005a9a0000,0x000000005aaa0000)]
  0x000000005c90d000 JavaThread "Handler for socket connection from /127.0.0.1:61158 to /127.0.0.1:61797" [_thread_in_native, id=9912, stack(0x0000000059d20000,0x0000000059e20000)]
  0x000000005c90e800 JavaThread "Daemon Thread 11" [_thread_blocked, id=9264, stack(0x000000005a0e0000,0x000000005a1e0000)]
  0x0000000059a96000 JavaThread "Cache worker for file content cache (C:\Users\maozhuowen\.gradle\caches\4.10.1\fileContent)" [_thread_blocked, id=16168, stack(0x0000000063570000,0x0000000063670000)]
  0x0000000059a95000 JavaThread "Memory manager" [_thread_blocked, id=15316, stack(0x00000000633b0000,0x00000000634b0000)]
  0x0000000059a8d800 JavaThread "Cache worker for Artifact transforms cache (C:\Users\maozhuowen\.gradle\caches\transforms-1)" [_thread_blocked, id=15900, stack(0x000000005be40000,0x000000005bf40000)]
  0x0000000059a8a800 JavaThread "Cache worker for journal cache (C:\Users\maozhuowen\.gradle\caches\journal-1)" [_thread_blocked, id=12320, stack(0x000000005d5c0000,0x000000005d6c0000)]
  0x0000000059a89000 JavaThread "File lock request listener" [_thread_in_native, id=6396, stack(0x000000005bf70000,0x000000005c070000)]
  0x0000000059a88800 JavaThread "Cache worker for file hash cache (C:\Users\maozhuowen\.gradle\caches\4.10.1\fileHashes)" [_thread_blocked, id=7696, stack(0x000000005a890000,0x000000005a990000)]
  0x0000000059861800 JavaThread "Daemon periodic checks" [_thread_blocked, id=14568, stack(0x0000000059f70000,0x000000005a070000)]
  0x0000000059849800 JavaThread "Incoming local TCP Connector on port 61158" [_thread_in_native, id=9120, stack(0x0000000059e50000,0x0000000059f50000)]
  0x0000000058db9000 JavaThread "Daemon health stats" [_thread_blocked, id=13516, stack(0x0000000057ef0000,0x0000000057ff0000)]
  0x000000005730b800 JavaThread "Service Thread" daemon [_thread_blocked, id=13448, stack(0x0000000058000000,0x0000000058100000)]
  0x00000000572c5000 JavaThread "C1 CompilerThread2" daemon [_thread_blocked, id=14456, stack(0x0000000057dd0000,0x0000000057ed0000)]
=>0x00000000572c3000 JavaThread "C2 CompilerThread1" daemon [_thread_in_native, id=7364, stack(0x0000000057c50000,0x0000000057d50000)]
  0x00000000572bd000 JavaThread "C2 CompilerThread0" daemon [_thread_blocked, id=13724, stack(0x0000000057b00000,0x0000000057c00000)]
  0x000000005609d800 JavaThread "Attach Listener" daemon [_thread_blocked, id=15200, stack(0x0000000057930000,0x0000000057a30000)]
  0x0000000056090000 JavaThread "Signal Dispatcher" daemon [_thread_blocked, id=5004, stack(0x00000000577b0000,0x00000000578b0000)]
  0x000000005607a000 JavaThread "Finalizer" daemon [_thread_blocked, id=13068, stack(0x00000000571a0000,0x00000000572a0000)]
  0x0000000056033000 JavaThread "Reference Handler" daemon [_thread_blocked, id=15472, stack(0x0000000056ed0000,0x0000000056fd0000)]
  0x000000000024f000 JavaThread "main" [_thread_blocked, id=11064, stack(0x00000000022e0000,0x00000000023e0000)]

Other Threads:
  0x000000005602b800 VMThread [stack: 0x0000000056fd0000,0x00000000570d0000] [id=7648]
  0x0000000057350800 WatcherThread [stack: 0x00000000581e0000,0x00000000582e0000] [id=14544]

VM state:not at safepoint (normal execution)

VM Mutex/Monitor currently owned by a thread: None

Heap:
 PSYoungGen      total 368128K, used 103262K [0x00000000e0000000, 0x0000000100000000, 0x0000000100000000)
  eden space 227328K, 41% used [0x00000000e0000000,0x00000000e5b4a438,0x00000000ede00000)
  from space 140800K, 6% used [0x00000000ede00000,0x00000000ee78d6c8,0x00000000f6780000)
  to   space 136704K, 0% used [0x00000000f7a80000,0x00000000f7a80000,0x0000000100000000)
 ParOldGen       total 388096K, used 279689K [0x00000000a0000000, 0x00000000b7b00000, 0x00000000e0000000)
  object space 388096K, 72% used [0x00000000a0000000,0x00000000b1122648,0x00000000b7b00000)
 Metaspace       used 100332K, capacity 104574K, committed 105048K, reserved 1140736K
  class space    used 12718K, capacity 13606K, committed 13952K, reserved 1048576K

Card table byte_map: [0x00000000117a0000,0x0000000011ab0000] byte_map_base: 0x00000000112a0000

Marking Bits: (ParMarkBitMap*) 0x0000000070b43c10
 Begin Bits: [0x00000000123a0000, 0x0000000013ba0000)
 End Bits:   [0x0000000013ba0000, 0x00000000153a0000)

Polling page: 0x0000000000220000

CodeCache: size=245760Kb used=62519Kb max_used=62738Kb free=183240Kb
 bounds [0x00000000023e0000, 0x0000000006180000, 0x00000000113e0000]
 total_blobs=18226 nmethods=17361 adapters=775
 compilation: enabled

Compilation events (10 events):
Event: 5052.169 Thread 0x00000000572c5000 nmethod 23902 0x00000000048dd3d0 code [0x00000000048dd5c0, 0x00000000048ddf88]
Event: 5052.170 Thread 0x00000000572bd000 nmethod 23905 0x000000000360fd50 code [0x000000000360fee0, 0x00000000036101a8]
Event: 5052.170 Thread 0x00000000572bd000 23908       4       org.gradle.api.internal.artifacts.ivyservice.resolveengine.graph.CompositeDependencyGraphVisitor::visitEdges (40 bytes)
Event: 5052.171 Thread 0x00000000572c5000 23899       3       org.gradle.api.internal.artifacts.ivyservice.moduleconverter.dependencies.DefaultLocalConfigurationMetadataBuilder::addDependencies (160 bytes)
Event: 5052.172 Thread 0x00000000572c5000 nmethod 23899 0x00000000035557d0 code [0x0000000003555b20, 0x0000000003557918]
Event: 5052.172 Thread 0x00000000572c5000 23901       3       org.gradle.api.internal.artifacts.ivyservice.moduleconverter.dependencies.DefaultLocalConfigurationMetadataBuilder::addExcludeRules (53 bytes)
Event: 5052.173 Thread 0x00000000572c5000 nmethod 23901 0x0000000005e17ad0 code [0x0000000005e17d00, 0x0000000005e187d8]
Event: 5052.174 Thread 0x00000000572bd000 nmethod 23908 0x0000000003280210 code [0x00000000032803a0, 0x0000000003280668]
Event: 5052.174 Thread 0x00000000572bd000 23907       4       org.gradle.api.internal.artifacts.ivyservice.resolveengine.oldresult.ResolvedConfigurationDependencyGraphVisitor::visitArtifacts (13 bytes)
Event: 5052.190 Thread 0x00000000572bd000 nmethod 23907 0x00000000035528d0 code [0x0000000003552b00, 0x0000000003553a90]

GC Heap History (10 events):
Event: 4132.088 GC heap before
{Heap before GC invocations=55 (full 8):
 PSYoungGen      total 373760K, used 244375K [0x00000000e0000000, 0x00000000ff500000, 0x0000000100000000)
  eden space 234496K, 100% used [0x00000000e0000000,0x00000000ee500000,0x00000000ee500000)
  from space 139264K, 7% used [0x00000000f6d00000,0x00000000f76a5c40,0x00000000ff500000)
  to   space 139264K, 0% used [0x00000000ee500000,0x00000000ee500000,0x00000000f6d00000)
 ParOldGen       total 388096K, used 164388K [0x00000000a0000000, 0x00000000b7b00000, 0x00000000e0000000)
  object space 388096K, 42% used [0x00000000a0000000,0x00000000aa089300,0x00000000b7b00000)
 Metaspace       used 97436K, capacity 101608K, committed 104024K, reserved 1138688K
  class space    used 12446K, capacity 13305K, committed 13952K, reserved 1048576K
Event: 4132.117 GC heap after
Heap after GC invocations=55 (full 8):
 PSYoungGen      total 373760K, used 28677K [0x00000000e0000000, 0x00000000ff100000, 0x0000000100000000)
  eden space 234496K, 0% used [0x00000000e0000000,0x00000000e0000000,0x00000000ee500000)
  from space 139264K, 20% used [0x00000000ee500000,0x00000000f01016f8,0x00000000f6d00000)
  to   space 131584K, 0% used [0x00000000f7080000,0x00000000f7080000,0x00000000ff100000)
 ParOldGen       total 388096K, used 168331K [0x00000000a0000000, 0x00000000b7b00000, 0x00000000e0000000)
  object space 388096K, 43% used [0x00000000a0000000,0x00000000aa462e08,0x00000000b7b00000)
 Metaspace       used 97436K, capacity 101608K, committed 104024K, reserved 1138688K
  class space    used 12446K, capacity 13305K, committed 13952K, reserved 1048576K
}
Event: 4133.474 GC heap before
{Heap before GC invocations=56 (full 8):
 PSYoungGen      total 373760K, used 263173K [0x00000000e0000000, 0x00000000ff100000, 0x0000000100000000)
  eden space 234496K, 100% used [0x00000000e0000000,0x00000000ee500000,0x00000000ee500000)
  from space 139264K, 20% used [0x00000000ee500000,0x00000000f01016f8,0x00000000f6d00000)
  to   space 131584K, 0% used [0x00000000f7080000,0x00000000f7080000,0x00000000ff100000)
 ParOldGen       total 388096K, used 168331K [0x00000000a0000000, 0x00000000b7b00000, 0x00000000e0000000)
  object space 388096K, 43% used [0x00000000a0000000,0x00000000aa462e08,0x00000000b7b00000)
 Metaspace       used 99981K, capacity 104242K, committed 104792K, reserved 1140736K
  class space    used 12713K, capacity 13604K, committed 13952K, reserved 1048576K
Event: 4133.543 GC heap after
Heap after GC invocations=56 (full 8):
 PSYoungGen      total 350720K, used 121338K [0x00000000e0000000, 0x0000000100000000, 0x0000000100000000)
  eden space 219136K, 0% used [0x00000000e0000000,0x00000000e0000000,0x00000000ed600000)
  from space 131584K, 92% used [0x00000000f7080000,0x00000000fe6feac8,0x00000000ff100000)
  to   space 152576K, 0% used [0x00000000ed600000,0x00000000ed600000,0x00000000f6b00000)
 ParOldGen       total 388096K, used 190277K [0x00000000a0000000, 0x00000000b7b00000, 0x00000000e0000000)
  object space 388096K, 49% used [0x00000000a0000000,0x00000000ab9d1610,0x00000000b7b00000)
 Metaspace       used 99981K, capacity 104242K, committed 104792K, reserved 1140736K
  class space    used 12713K, capacity 13604K, committed 13952K, reserved 1048576K
}
Event: 4134.434 GC heap before
{Heap before GC invocations=57 (full 8):
 PSYoungGen      total 350720K, used 340474K [0x00000000e0000000, 0x0000000100000000, 0x0000000100000000)
  eden space 219136K, 100% used [0x00000000e0000000,0x00000000ed600000,0x00000000ed600000)
  from space 131584K, 92% used [0x00000000f7080000,0x00000000fe6feac8,0x00000000ff100000)
  to   space 152576K, 0% used [0x00000000ed600000,0x00000000ed600000,0x00000000f6b00000)
 ParOldGen       total 388096K, used 190277K [0x00000000a0000000, 0x00000000b7b00000, 0x00000000e0000000)
  object space 388096K, 49% used [0x00000000a0000000,0x00000000ab9d1610,0x00000000b7b00000)
 Metaspace       used 100041K, capacity 104242K, committed 104792K, reserved 1140736K
  class space    used 12715K, capacity 13604K, committed 13952K, reserved 1048576K
Event: 4134.483 GC heap after
Heap after GC invocations=57 (full 8):
 PSYoungGen      total 371712K, used 36872K [0x00000000e0000000, 0x0000000100000000, 0x0000000100000000)
  eden space 219136K, 0% used [0x00000000e0000000,0x00000000e0000000,0x00000000ed600000)
  from space 152576K, 24% used [0x00000000ed600000,0x00000000efa022b0,0x00000000f6b00000)
  to   space 144384K, 0% used [0x00000000f7300000,0x00000000f7300000,0x0000000100000000)
 ParOldGen       total 388096K, used 234480K [0x00000000a0000000, 0x00000000b7b00000, 0x00000000e0000000)
  object space 388096K, 60% used [0x00000000a0000000,0x00000000ae4fc318,0x00000000b7b00000)
 Metaspace       used 100041K, capacity 104242K, committed 104792K, reserved 1140736K
  class space    used 12715K, capacity 13604K, committed 13952K, reserved 1048576K
}
Event: 4135.274 GC heap before
{Heap before GC invocations=58 (full 8):
 PSYoungGen      total 371712K, used 256008K [0x00000000e0000000, 0x0000000100000000, 0x0000000100000000)
  eden space 219136K, 100% used [0x00000000e0000000,0x00000000ed600000,0x00000000ed600000)
  from space 152576K, 24% used [0x00000000ed600000,0x00000000efa022b0,0x00000000f6b00000)
  to   space 144384K, 0% used [0x00000000f7300000,0x00000000f7300000,0x0000000100000000)
 ParOldGen       total 388096K, used 234480K [0x00000000a0000000, 0x00000000b7b00000, 0x00000000e0000000)
  object space 388096K, 60% used [0x00000000a0000000,0x00000000ae4fc318,0x00000000b7b00000)
 Metaspace       used 100043K, capacity 104242K, committed 104792K, reserved 1140736K
  class space    used 12715K, capacity 13604K, committed 13952K, reserved 1048576K
Event: 4135.303 GC heap after
Heap after GC invocations=58 (full 8):
 PSYoungGen      total 356352K, used 9464K [0x00000000e0000000, 0x00000000ff100000, 0x0000000100000000)
  eden space 227328K, 0% used [0x00000000e0000000,0x00000000e0000000,0x00000000ede00000)
  from space 129024K, 7% used [0x00000000f7300000,0x00000000f7c3e120,0x00000000ff100000)
  to   space 140800K, 0% used [0x00000000ede00000,0x00000000ede00000,0x00000000f6780000)
 ParOldGen       total 388096K, used 270586K [0x00000000a0000000, 0x00000000b7b00000, 0x00000000e0000000)
  object space 388096K, 69% used [0x00000000a0000000,0x00000000b083e968,0x00000000b7b00000)
 Metaspace       used 100043K, capacity 104242K, committed 104792K, reserved 1140736K
  class space    used 12715K, capacity 13604K, committed 13952K, reserved 1048576K
}
Event: 4149.627 GC heap before
{Heap before GC invocations=59 (full 8):
 PSYoungGen      total 356352K, used 235887K [0x00000000e0000000, 0x00000000ff100000, 0x0000000100000000)
  eden space 227328K, 99% used [0x00000000e0000000,0x00000000edd1dd20,0x00000000ede00000)
  from space 129024K, 7% used [0x00000000f7300000,0x00000000f7c3e120,0x00000000ff100000)
  to   space 140800K, 0% used [0x00000000ede00000,0x00000000ede00000,0x00000000f6780000)
 ParOldGen       total 388096K, used 270586K [0x00000000a0000000, 0x00000000b7b00000, 0x00000000e0000000)
  object space 388096K, 69% used [0x00000000a0000000,0x00000000b083e968,0x00000000b7b00000)
 Metaspace       used 100148K, capacity 104434K, committed 105048K, reserved 1140736K
  class space    used 12715K, capacity 13604K, committed 13952K, reserved 1048576K
Event: 4149.642 GC heap after
Heap after GC invocations=59 (full 8):
 PSYoungGen      total 368128K, used 9781K [0x00000000e0000000, 0x0000000100000000, 0x0000000100000000)
  eden space 227328K, 0% used [0x00000000e0000000,0x00000000e0000000,0x00000000ede00000)
  from space 140800K, 6% used [0x00000000ede00000,0x00000000ee78d6c8,0x00000000f6780000)
  to   space 136704K, 0% used [0x00000000f7a80000,0x00000000f7a80000,0x0000000100000000)
 ParOldGen       total 388096K, used 279689K [0x00000000a0000000, 0x00000000b7b00000, 0x00000000e0000000)
  object space 388096K, 72% used [0x00000000a0000000,0x00000000b1122648,0x00000000b7b00000)
 Metaspace       used 100148K, capacity 104434K, committed 105048K, reserved 1140736K
  class space    used 12715K, capacity 13604K, committed 13952K, reserved 1048576K
}

Deoptimization events (10 events):
Event: 5051.539 Thread 0x000000005b0ae800 Uncommon trap: reason=bimorphic action=maybe_recompile pc=0x000000000571445c method=com.google.common.cache.LocalCache$Segment.enqueueNotification(Ljava/lang/Object;ILcom/google/common/cache/LocalCache$ValueReference;Lcom/google/common/cache/RemovalCause;
Event: 5051.539 Thread 0x000000005b0ae800 Uncommon trap: reason=bimorphic action=maybe_recompile pc=0x0000000005e8367c method=java.util.AbstractQueue.clear()V @ 1
Event: 5051.539 Thread 0x000000005b0ae800 Uncommon trap: reason=bimorphic action=maybe_recompile pc=0x0000000005e8367c method=java.util.AbstractQueue.clear()V @ 1
Event: 5051.539 Thread 0x000000005b0ae800 Uncommon trap: reason=bimorphic action=maybe_recompile pc=0x0000000005e8367c method=java.util.AbstractQueue.clear()V @ 1
Event: 5051.539 Thread 0x000000005b0ae800 Uncommon trap: reason=bimorphic action=maybe_recompile pc=0x0000000005e8367c method=java.util.AbstractQueue.clear()V @ 1
Event: 5051.547 Thread 0x000000005b0b1000 Uncommon trap: reason=unstable_if action=reinterpret pc=0x00000000047094a0 method=java.util.concurrent.locks.LockSupport.unpark(Ljava/lang/Thread;)V @ 1
Event: 5051.617 Thread 0x000000005f48d000 Uncommon trap: reason=class_check action=maybe_recompile pc=0x00000000061709d0 method=sun.reflect.DelegatingConstructorAccessorImpl.newInstance([Ljava/lang/Object;)Ljava/lang/Object; @ 5
Event: 5051.621 Thread 0x000000005f48d000 Uncommon trap: reason=class_check action=maybe_recompile pc=0x00000000061709d0 method=sun.reflect.DelegatingConstructorAccessorImpl.newInstance([Ljava/lang/Object;)Ljava/lang/Object; @ 5
Event: 5051.623 Thread 0x000000005f48d000 Uncommon trap: reason=class_check action=maybe_recompile pc=0x00000000061709d0 method=sun.reflect.DelegatingConstructorAccessorImpl.newInstance([Ljava/lang/Object;)Ljava/lang/Object; @ 5
Event: 5051.888 Thread 0x000000005f48d000 Uncommon trap: reason=bimorphic action=maybe_recompile pc=0x00000000056e4b98 method=java.io.BufferedOutputStream.flush()V @ 8

Classes redefined (0 events):
No events

Internal exceptions (10 events):
Event: 5051.752 Thread 0x000000005f48d000 Exception <a 'sun/nio/fs/WindowsException'> (0x00000000e2b00118) thrown at [C:\re\workspace\8-2-build-windows-amd64-cygwin\jdk8u172\10810\hotspot\src\share\vm\prims\jni.cpp, line 709]
Event: 5051.754 Thread 0x000000005f48d000 Exception <a 'sun/nio/fs/WindowsException'> (0x00000000e2b041b0) thrown at [C:\re\workspace\8-2-build-windows-amd64-cygwin\jdk8u172\10810\hotspot\src\share\vm\prims\jni.cpp, line 709]
Event: 5051.754 Thread 0x000000005f48d000 Exception <a 'sun/nio/fs/WindowsException'> (0x00000000e2b04f40) thrown at [C:\re\workspace\8-2-build-windows-amd64-cygwin\jdk8u172\10810\hotspot\src\share\vm\prims\jni.cpp, line 709]
Event: 5051.754 Thread 0x000000005f48d000 Exception <a 'sun/nio/fs/WindowsException'> (0x00000000e2b070e8) thrown at [C:\re\workspace\8-2-build-windows-amd64-cygwin\jdk8u172\10810\hotspot\src\share\vm\prims\jni.cpp, line 709]
Event: 5051.754 Thread 0x000000005f48d000 Exception <a 'sun/nio/fs/WindowsException'> (0x00000000e2b07eb0) thrown at [C:\re\workspace\8-2-build-windows-amd64-cygwin\jdk8u172\10810\hotspot\src\share\vm\prims\jni.cpp, line 709]
Event: 5051.757 Thread 0x000000005f48d000 Exception <a 'sun/nio/fs/WindowsException'> (0x00000000e2b0beb0) thrown at [C:\re\workspace\8-2-build-windows-amd64-cygwin\jdk8u172\10810\hotspot\src\share\vm\prims\jni.cpp, line 709]
Event: 5051.757 Thread 0x000000005f48d000 Exception <a 'sun/nio/fs/WindowsException'> (0x00000000e2b0cc00) thrown at [C:\re\workspace\8-2-build-windows-amd64-cygwin\jdk8u172\10810\hotspot\src\share\vm\prims\jni.cpp, line 709]
Event: 5051.757 Thread 0x000000005f48d000 Exception <a 'sun/nio/fs/WindowsException'> (0x00000000e2b0ed58) thrown at [C:\re\workspace\8-2-build-windows-amd64-cygwin\jdk8u172\10810\hotspot\src\share\vm\prims\jni.cpp, line 709]
Event: 5051.757 Thread 0x000000005f48d000 Exception <a 'sun/nio/fs/WindowsException'> (0x00000000e2b0fae8) thrown at [C:\re\workspace\8-2-build-windows-amd64-cygwin\jdk8u172\10810\hotspot\src\share\vm\prims\jni.cpp, line 709]
Event: 5051.911 Thread 0x000000005f48d000 Exception <a 'sun/nio/fs/WindowsException'> (0x00000000e47e8680) thrown at [C:\re\workspace\8-2-build-windows-amd64-cygwin\jdk8u172\10810\hotspot\src\share\vm\prims\jni.cpp, line 709]

Events (10 events):
Event: 5052.133 Thread 0x00000000572c5000 flushing nmethod 0x00000000048d3fd0
Event: 5052.133 Thread 0x00000000572c5000 flushing nmethod 0x00000000048dd2d0
Event: 5052.133 Thread 0x00000000572c5000 flushing nmethod 0x00000000048dde50
Event: 5052.133 Thread 0x00000000572c5000 flushing nmethod 0x00000000048e16d0
Event: 5052.133 Thread 0x00000000572c5000 flushing nmethod 0x00000000048e3250
Event: 5052.167 Thread 0x00000000572c5000 flushing nmethod 0x0000000005633110
Event: 5052.170 Thread 0x00000000572c5000 flushing nmethod 0x0000000005dee0d0
Event: 5052.170 Thread 0x00000000572c5000 flushing nmethod 0x0000000005e15490
Event: 5052.170 Thread 0x00000000572c5000 flushing nmethod 0x0000000005e17ad0
Event: 5052.170 Thread 0x00000000572c5000 flushing nmethod 0x0000000005e60550


Dynamic libraries:
0x000000013f600000 - 0x000000013f637000 	C:\Program Files (x86)\Java\jdk1.8.0_172\bin\java.exe
0x0000000077100000 - 0x000000007729f000 	C:\Windows\SYSTEM32\ntdll.dll
0x0000000076da0000 - 0x0000000076ebf000 	C:\Windows\system32\kernel32.dll
0x000007fefcda0000 - 0x000007fefce07000 	C:\Windows\system32\KERNELBASE.dll
0x000007fefd920000 - 0x000007fefd9fb000 	C:\Windows\system32\ADVAPI32.dll
0x000007feff140000 - 0x000007feff1df000 	C:\Windows\system32\msvcrt.dll
0x000007fefda00000 - 0x000007fefda1f000 	C:\Windows\SYSTEM32\sechost.dll
0x000007fefd7f0000 - 0x000007fefd91c000 	C:\Windows\system32\RPCRT4.dll
0x0000000076ec0000 - 0x0000000076fbb000 	C:\Windows\system32\USER32.dll
0x000007fefef20000 - 0x000007fefef87000 	C:\Windows\system32\GDI32.dll
0x000007feff340000 - 0x000007feff34e000 	C:\Windows\system32\LPK.dll
0x000007fefefc0000 - 0x000007feff08b000 	C:\Windows\system32\USP10.dll
0x000007fefb430000 - 0x000007fefb625000 	C:\Windows\WinSxS\amd64_microsoft.windows.common-controls_6595b64144ccf1df_6.0.7601.24483_none_e372d88f30fbb845\COMCTL32.dll
0x000007fefeea0000 - 0x000007fefef11000 	C:\Windows\system32\SHLWAPI.dll
0x000007fefef90000 - 0x000007fefefbe000 	C:\Windows\system32\IMM32.DLL
0x000007fefdf00000 - 0x000007fefe00b000 	C:\Windows\system32\MSCTF.dll
0x0000000068740000 - 0x0000000068812000 	C:\Program Files (x86)\Java\jdk1.8.0_172\jre\bin\msvcr100.dll
0x0000000070320000 - 0x0000000070bc3000 	C:\Program Files (x86)\Java\jdk1.8.0_172\jre\bin\server\jvm.dll
0x000007fef8740000 - 0x000007fef8749000 	C:\Windows\system32\WSOCK32.dll
0x000007fefd060000 - 0x000007fefd0ad000 	C:\Windows\system32\WS2_32.dll
0x000007feff090000 - 0x000007feff098000 	C:\Windows\system32\NSI.dll
0x000007fefcc80000 - 0x000007fefccbb000 	C:\Windows\system32\WINMM.dll
0x000007fefbac0000 - 0x000007fefbacc000 	C:\Windows\system32\VERSION.dll
0x00000000772b0000 - 0x00000000772b7000 	C:\Windows\system32\PSAPI.DLL
0x000000006f220000 - 0x000000006f22f000 	C:\Program Files (x86)\Java\jdk1.8.0_172\jre\bin\verify.dll
0x000000006ef30000 - 0x000000006ef59000 	C:\Program Files (x86)\Java\jdk1.8.0_172\jre\bin\java.dll
0x000000006ede0000 - 0x000000006edf6000 	C:\Program Files (x86)\Java\jdk1.8.0_172\jre\bin\zip.dll
0x000007fefe110000 - 0x000007fefee9b000 	C:\Windows\system32\SHELL32.dll
0x000007fefd0b0000 - 0x000007fefd2af000 	C:\Windows\system32\ole32.dll
0x000007fefca20000 - 0x000007fefca2f000 	C:\Windows\system32\profapi.dll
0x000000006edc0000 - 0x000000006edda000 	C:\Program Files (x86)\Java\jdk1.8.0_172\jre\bin\net.dll
0x000007fefc130000 - 0x000007fefc185000 	C:\Windows\system32\mswsock.dll
0x000007fefc120000 - 0x000007fefc127000 	C:\Windows\System32\wship6.dll
0x000000006b0f0000 - 0x000000006b101000 	C:\Program Files (x86)\Java\jdk1.8.0_172\jre\bin\nio.dll
0x000007feec500000 - 0x000007feec51e000 	C:\Users\maozhuowen\.gradle\native\25\windows-amd64\native-platform.dll
0x000000006f210000 - 0x000000006f21d000 	C:\Program Files (x86)\Java\jdk1.8.0_172\jre\bin\management.dll
0x000007fefc190000 - 0x000007fefc1a8000 	C:\Windows\system32\CRYPTSP.dll
0x000007fefbe90000 - 0x000007fefbed7000 	C:\Windows\system32\rsaenh.dll
0x000007fefcc60000 - 0x000007fefcc7f000 	C:\Windows\system32\USERENV.dll
0x000007fefc880000 - 0x000007fefc88f000 	C:\Windows\system32\CRYPTBASE.dll
0x000007fef9ef0000 - 0x000007fef9f17000 	C:\Windows\system32\IPHLPAPI.DLL
0x000007fef9ee0000 - 0x000007fef9eeb000 	C:\Windows\system32\WINNSI.DLL
0x000007fef9840000 - 0x000007fef9851000 	C:\Windows\system32\dhcpcsvc6.DLL
0x000007fef9820000 - 0x000007fef9838000 	C:\Windows\system32\dhcpcsvc.DLL

VM Arguments:
jvm_args: -Xmx1536m -Dfile.encoding=UTF-8 -Duser.country=CN -Duser.language=zh -Duser.variant 
java_command: org.gradle.launcher.daemon.bootstrap.GradleDaemon 4.10.1
java_class_path (initial): C:\Users\maozhuowen\.gradle\wrapper\dists\gradle-4.10.1-all\455itskqi2qtf0v2sja68alqd\gradle-4.10.1\lib\gradle-launcher-4.10.1.jar
Launcher Type: SUN_STANDARD

Environment Variables:
JAVA_HOME=C:\Program Files (x86)\Java\jdk1.8.0_172
CLASSPATH=.;C:\Program Files (x86)\Java\jdk1.8.0_172lib;C:\Program Files (x86)\Java\jdk1.8.0_172lib\tools.jar
PATH=C:\Program Files (x86)\Common Files\Oracle\Java\javapath;%SystemRoot%\system32;%SystemRoot%;%SystemRoot%\System32\Wbem;%SYSTEMROOT%\System32\WindowsPowerShell\v1.0\;%JAVA_HOME%\bin;%JAVA_HOME%\jre\bin;H:\android-download\android-sdk-windows\platform-tools;H:\android-download\android-sdk-windows\tools;H:\android-download\android-sdk-windows\build-tools;H:\android-download\android-sdk-windows\platform-tools;D:\Program Files\Git\cmd;D:\Program Files\TortoiseSVN\bin;D:\Python27;D:\Program Files (x86)\Python\Python37;D:\Program Files\nodejs\;C:\Program Files\TortoiseSVN\bin;C:\Android;C:\Windows\System32;C:\Users\Administrator\AppData\Local\BypassRuntm;C:\Users\Administrator\AppData\Roaming\npm
USERNAME=maozhuowen
OS=Windows_NT
PROCESSOR_IDENTIFIER=Intel64 Family 6 Model 94 Stepping 3, GenuineIntel



---------------  S Y S T E M  ---------------

OS: Windows 7 , 64 bit Build 7601 (6.1.7601.24545)

CPU:total 4 (initial active 4) (4 cores per cpu, 1 threads per core) family 6 model 94 stepping 3, cmov, cx8, fxsr, mmx, sse, sse2, sse3, ssse3, sse4.1, sse4.2, popcnt, avx, avx2, aes, clmul, erms, rtm, 3dnowpref, lzcnt, tsc, tscinvbit, bmi1, bmi2, adx

Memory: 4k page, physical 8288696k(192688k free), swap 33152884k(7500k free)

vm_info: Java HotSpot(TM) 64-Bit Server VM (25.172-b11) for windows-amd64 JRE (1.8.0_172-b11), built on Mar 28 2018 21:21:52 by "java_re" with MS VC++ 10.0 (VS2010)

time: Fri Apr 23 10:35:50 2021
elapsed time: 5052 seconds (0d 1h 24m 12s)

