#
# There is insufficient memory for the Java Runtime Environment to continue.
# Native memory allocation (malloc) failed to allocate 32744 bytes for ChunkPool::allocate
# Possible reasons:
#   The system is out of physical RAM or swap space
#   In 32 bit mode, the process size limit was hit
# Possible solutions:
#   Reduce memory load on the system
#   Increase physical memory or swap space
#   Check if swap backing store is full
#   Use 64 bit Java on a 64 bit OS
#   Decrease Java heap size (-Xmx/-Xms)
#   Decrease number of Java threads
#   Decrease Java thread stack sizes (-Xss)
#   Set larger code cache with -XX:ReservedCodeCacheSize=
# This output file may be truncated or incomplete.
#
#  Out of Memory Error (allocation.cpp:273), pid=10452, tid=0x0000000000002930
#
# JRE version: Java(TM) SE Runtime Environment (8.0_172-b11) (build 1.8.0_172-b11)
# Java VM: Java HotSpot(TM) 64-Bit Server VM (25.172-b11 mixed mode windows-amd64 compressed oops)
# Failed to write core dump. Minidumps are not enabled by default on client versions of Windows
#

---------------  T H R E A D  ---------------

Current thread (0x00000000593e4000):  JavaThread "Daemon worker" [_thread_in_vm, id=10544, stack(0x000000005ba60000,0x000000005bb60000)]

Stack: [0x000000005ba60000,0x000000005bb60000]
[error occurred during error reporting (printing stack bounds), id 0xc0000005]

Native frames: (J=compiled Java code, j=interpreted, Vv=VM code, C=native code)

Java frames: (J=compiled Java code, j=interpreted, Vv=VM code)
j  com.google.common.util.concurrent.AbstractFuture.<init>()V+5
j  com.google.common.util.concurrent.SettableFuture.<init>()V+1
j  com.google.common.util.concurrent.SettableFuture.create()Lcom/google/common/util/concurrent/SettableFuture;+4
j  com.google.common.cache.LocalCache$LoadingValueReference.<init>(Lcom/google/common/cache/LocalCache$ValueReference;)V+5
j  com.google.common.cache.LocalCache$LoadingValueReference.<init>()V+4
j  com.google.common.cache.LocalCache$Segment.lockedGetOrLoad(Ljava/lang/Object;ILcom/google/common/cache/CacheLoader;)Ljava/lang/Object;+288
j  com.google.common.cache.LocalCache$Segment.get(Ljava/lang/Object;ILcom/google/common/cache/CacheLoader;)Ljava/lang/Object;+138
j  com.google.common.cache.LocalCache.get(Ljava/lang/Object;Lcom/google/common/cache/CacheLoader;)Ljava/lang/Object;+17
j  com.google.common.cache.LocalCache$LocalManualCache.get(Ljava/lang/Object;Ljava/util/concurrent/Callable;)Ljava/lang/Object;+19
j  org.gradle.api.internal.changedetection.state.InMemoryDecoratedCache.get(Ljava/lang/Object;)Ljava/lang/Object;+19
j  org.gradle.cache.internal.CrossProcessSynchronizingCache$1.create()Ljava/lang/Object;+11
j  org.gradle.cache.internal.LockOnDemandCrossProcessCacheAccess.withFileLock(Lorg/gradle/internal/Factory;)Ljava/lang/Object;+5
j  org.gradle.cache.internal.CrossProcessSynchronizingCache.get(Ljava/lang/Object;)Ljava/lang/Object;+13
j  org.gradle.api.internal.changedetection.state.CachingFileHasher.snapshot(Ljava/io/File;JJ)Lorg/gradle/api/internal/changedetection/state/CachingFileHasher$FileInfo;+26
j  org.gradle.api.internal.changedetection.state.CachingFileHasher.snapshot(Ljava/io/File;)Lorg/gradle/api/internal/changedetection/state/CachingFileHasher$FileInfo;+25
j  org.gradle.api.internal.changedetection.state.CachingFileHasher.hash(Ljava/io/File;)Lorg/gradle/internal/hash/HashCode;+2
j  org.gradle.internal.file.JarCache.getCachedJar(Ljava/io/File;Lorg/gradle/internal/Factory;)Ljava/io/File;+5
j  org.gradle.internal.classpath.DefaultCachedClasspathTransformer$CachedJarFileTransformer$1.create()Ljava/io/File;+18
j  org.gradle.internal.classpath.DefaultCachedClasspathTransformer$CachedJarFileTransformer$1.create()Ljava/lang/Object;+1
j  org.gradle.cache.internal.DefaultCacheAccess.useCache(Lorg/gradle/internal/Factory;)Ljava/lang/Object;+58
j  org.gradle.cache.internal.DefaultPersistentDirectoryStore.useCache(Lorg/gradle/internal/Factory;)Ljava/lang/Object;+5
j  org.gradle.cache.internal.DefaultCacheFactory$ReferenceTrackingCache.useCache(Lorg/gradle/internal/Factory;)Ljava/lang/Object;+8
j  org.gradle.internal.classpath.DefaultCachedClasspathTransformer$CachedJarFileTransformer.transform(Ljava/io/File;)Ljava/io/File;+24
j  org.gradle.internal.classpath.DefaultCachedClasspathTransformer$CachedJarFileTransformer.transform(Ljava/lang/Object;)Ljava/lang/Object;+5
j  org.gradle.internal.classpath.DefaultCachedClasspathTransformer$FileAccessTrackingJarFileTransformer.transform(Ljava/io/File;)Ljava/io/File;+5
j  org.gradle.internal.classpath.DefaultCachedClasspathTransformer$FileAccessTrackingJarFileTransformer.transform(Ljava/lang/Object;)Ljava/lang/Object;+5
j  org.gradle.internal.classpath.DefaultCachedClasspathTransformer$1.transform(Ljava/net/URL;)Ljava/net/URL;+30
j  org.gradle.internal.classpath.DefaultCachedClasspathTransformer$1.transform(Ljava/lang/Object;)Ljava/lang/Object;+5
j  org.gradle.util.CollectionUtils.collect(Ljava/lang/Iterable;Ljava/util/Collection;Lorg/gradle/api/Transformer;)Ljava/util/Collection;+28
j  org.gradle.util.CollectionUtils.collect(Ljava/lang/Iterable;Lorg/gradle/api/Transformer;)Ljava/util/List;+9
j  org.gradle.internal.classpath.DefaultCachedClasspathTransformer.transform(Ljava/util/Collection;)Ljava/util/Collection;+9
j  org.gradle.tooling.internal.provider.serialization.DaemonSidePayloadClassLoaderFactory.createClassLoaderForClassPath(Ljava/util/List;Ljava/util/List;)Ljava/lang/ClassLoader;+25
j  org.gradle.tooling.internal.provider.serialization.DaemonSidePayloadClassLoaderFactory.getClassLoaderFor(Lorg/gradle/internal/classloader/ClassLoaderSpec;Ljava/util/List;)Ljava/lang/ClassLoader;+18
j  org.gradle.tooling.internal.provider.serialization.DefaultPayloadClassLoaderRegistry$ClassLoaderToDetailsTransformer.transform(Lorg/gradle/tooling/internal/provider/serialization/ClassLoaderDetails;)Ljava/lang/ClassLoader;+135
j  org.gradle.tooling.internal.provider.serialization.DefaultPayloadClassLoaderRegistry$ClassLoaderToDetailsTransformer.transform(Ljava/lang/Object;)Ljava/lang/Object;+5
j  org.gradle.tooling.internal.provider.serialization.ClassLoaderCache.getClassLoader(Lorg/gradle/tooling/internal/provider/serialization/ClassLoaderDetails;Lorg/gradle/api/Transformer;)Ljava/lang/ClassLoader;+47
j  org.gradle.tooling.internal.provider.serialization.DefaultPayloadClassLoaderRegistry.getClassLoader(Lorg/gradle/tooling/internal/provider/serialization/ClassLoaderDetails;)Ljava/lang/ClassLoader;+9
j  org.gradle.tooling.internal.provider.serialization.DefaultPayloadClassLoaderRegistry.access$300(Lorg/gradle/tooling/internal/provider/serialization/DefaultPayloadClassLoaderRegistry;Lorg/gradle/tooling/internal/provider/serialization/ClassLoaderDetails;)Ljava/lang/ClassLoader;+2
j  org.gradle.tooling.internal.provider.serialization.DefaultPayloadClassLoaderRegistry$2.resolveClass(Lorg/gradle/tooling/internal/provider/serialization/ClassLoaderDetails;Ljava/lang/String;)Ljava/lang/Class;+5
j  org.gradle.tooling.internal.provider.serialization.WellKnownClassLoaderRegistry$2.resolveClass(Lorg/gradle/tooling/internal/provider/serialization/ClassLoaderDetails;Ljava/lang/String;)Ljava/lang/Class;+65
j  org.gradle.tooling.internal.provider.serialization.PayloadSerializerObjectInputStream.readClass()Ljava/lang/Class;+43
j  org.gradle.tooling.internal.provider.serialization.PayloadSerializerObjectInputStream.readClassDescriptor()Ljava/io/ObjectStreamClass;+1
j  java.io.ObjectInputStream.readNonProxyDesc(Z)Ljava/io/ObjectStreamClass;+56
j  java.io.ObjectInputStream.readClassDesc(Z)Ljava/io/ObjectStreamClass;+86
j  java.io.ObjectInputStream.readOrdinaryObject(Z)Ljava/lang/Object;+22
j  java.io.ObjectInputStream.readObject0(Z)Ljava/lang/Object;+401
j  java.io.ObjectInputStream.readObject()Ljava/lang/Object;+19
j  org.gradle.tooling.internal.provider.serialization.PayloadSerializer.deserialize(Lorg/gradle/tooling/internal/provider/serialization/SerializedPayload;)Ljava/lang/Object;+52
j  org.gradle.tooling.internal.provider.runner.ClientProvidedPhasedActionRunner.run(Lorg/gradle/internal/invocation/BuildAction;Lorg/gradle/internal/invocation/BuildController;)V+45
j  org.gradle.launcher.exec.ChainingBuildActionRunner.run(Lorg/gradle/internal/invocation/BuildAction;Lorg/gradle/internal/invocation/BuildController;)V+34
j  org.gradle.launcher.exec.ChainingBuildActionRunner.run(Lorg/gradle/internal/invocation/BuildAction;Lorg/gradle/internal/invocation/BuildController;)V+34
j  org.gradle.tooling.internal.provider.ValidatingBuildActionRunner.run(Lorg/gradle/internal/invocation/BuildAction;Lorg/gradle/internal/invocation/BuildController;)V+6
j  org.gradle.launcher.exec.RunAsBuildOperationBuildActionRunner$3.run(Lorg/gradle/internal/operations/BuildOperationContext;)V+69
j  org.gradle.internal.operations.DefaultBuildOperationExecutor$RunnableBuildOperationWorker.execute(Lorg/gradle/internal/operations/RunnableBuildOperation;Lorg/gradle/internal/operations/BuildOperationContext;)V+2
j  org.gradle.internal.operations.DefaultBuildOperationExecutor$RunnableBuildOperationWorker.execute(Lorg/gradle/internal/operations/BuildOperation;Lorg/gradle/internal/operations/BuildOperationContext;)V+6
j  org.gradle.internal.operations.DefaultBuildOperationExecutor.execute(Lorg/gradle/internal/operations/BuildOperation;Lorg/gradle/internal/operations/BuildOperationWorker;Lorg/gradle/internal/operations/DefaultBuildOperationExecutor$BuildOperationState;)V+148
j  org.gradle.internal.operations.DefaultBuildOperationExecutor.run(Lorg/gradle/internal/operations/RunnableBuildOperation;)V+14
j  org.gradle.internal.operations.DelegatingBuildOperationExecutor.run(Lorg/gradle/internal/operations/RunnableBuildOperation;)V+5
j  org.gradle.launcher.exec.RunAsBuildOperationBuildActionRunner.run(Lorg/gradle/internal/invocation/BuildAction;Lorg/gradle/internal/invocation/BuildController;)V+34
j  org.gradle.tooling.internal.provider.SubscribableBuildActionRunner.run(Lorg/gradle/internal/invocation/BuildAction;Lorg/gradle/internal/invocation/BuildController;)V+40
j  org.gradle.launcher.exec.InProcessBuildActionExecuter$1.transform(Lorg/gradle/internal/invocation/BuildController;)Ljava/lang/Object;+12
j  org.gradle.launcher.exec.InProcessBuildActionExecuter$1.transform(Ljava/lang/Object;)Ljava/lang/Object;+5
j  org.gradle.composite.internal.DefaultRootBuildState.run(Lorg/gradle/api/Transformer;)Ljava/lang/Object;+36
j  org.gradle.launcher.exec.InProcessBuildActionExecuter.execute(Lorg/gradle/internal/invocation/BuildAction;Lorg/gradle/initialization/BuildRequestContext;Lorg/gradle/launcher/exec/BuildActionParameters;Lorg/gradle/internal/service/ServiceRegistry;)Ljava/lang/Object;+68
j  org.gradle.launcher.exec.InProcessBuildActionExecuter.execute(Lorg/gradle/internal/invocation/BuildAction;Lorg/gradle/initialization/BuildRequestContext;Ljava/lang/Object;Lorg/gradle/internal/service/ServiceRegistry;)Ljava/lang/Object;+9
j  org.gradle.launcher.exec.BuildTreeScopeBuildActionExecuter.execute(Lorg/gradle/internal/invocation/BuildAction;Lorg/gradle/initialization/BuildRequestContext;Lorg/gradle/launcher/exec/BuildActionParameters;Lorg/gradle/internal/service/ServiceRegistry;)Ljava/lang/Object;+38
j  org.gradle.launcher.exec.BuildTreeScopeBuildActionExecuter.execute(Lorg/gradle/internal/invocation/BuildAction;Lorg/gradle/initialization/BuildRequestContext;Ljava/lang/Object;Lorg/gradle/internal/service/ServiceRegistry;)Ljava/lang/Object;+9
j  org.gradle.tooling.internal.provider.ContinuousBuildActionExecuter.execute(Lorg/gradle/internal/invocation/BuildAction;Lorg/gradle/initialization/BuildRequestContext;Lorg/gradle/launcher/exec/BuildActionParameters;Lorg/gradle/internal/service/ServiceRegistry;)Ljava/lang/Object;+63
j  org.gradle.tooling.internal.provider.ContinuousBuildActionExecuter.execute(Lorg/gradle/internal/invocation/BuildAction;Lorg/gradle/initialization/BuildRequestContext;Ljava/lang/Object;Lorg/gradle/internal/service/ServiceRegistry;)Ljava/lang/Object;+9
j  org.gradle.tooling.internal.provider.ServicesSetupBuildActionExecuter.execute(Lorg/gradle/internal/invocation/BuildAction;Lorg/gradle/initialization/BuildRequestContext;Lorg/gradle/launcher/exec/BuildActionParameters;Lorg/gradle/internal/service/ServiceRegistry;)Ljava/lang/Object;+107
j  org.gradle.tooling.internal.provider.ServicesSetupBuildActionExecuter.execute(Lorg/gradle/internal/invocation/BuildAction;Lorg/gradle/initialization/BuildRequestContext;Ljava/lang/Object;Lorg/gradle/internal/service/ServiceRegistry;)Ljava/lang/Object;+9
j  org.gradle.tooling.internal.provider.GradleThreadBuildActionExecuter.execute(Lorg/gradle/internal/invocation/BuildAction;Lorg/gradle/initialization/BuildRequestContext;Lorg/gradle/launcher/exec/BuildActionParameters;Lorg/gradle/internal/service/ServiceRegistry;)Ljava/lang/Object;+12
j  org.gradle.tooling.internal.provider.GradleThreadBuildActionExecuter.execute(Lorg/gradle/internal/invocation/BuildAction;Lorg/gradle/initialization/BuildRequestContext;Ljava/lang/Object;Lorg/gradle/internal/service/ServiceRegistry;)Ljava/lang/Object;+9
j  org.gradle.tooling.internal.provider.ParallelismConfigurationBuildActionExecuter.execute(Lorg/gradle/internal/invocation/BuildAction;Lorg/gradle/initialization/BuildRequestContext;Lorg/gradle/launcher/exec/BuildActionParameters;Lorg/gradle/internal/service/ServiceRegistry;)Ljava/lang/Object;+43
j  org.gradle.tooling.internal.provider.ParallelismConfigurationBuildActionExecuter.execute(Lorg/gradle/internal/invocation/BuildAction;Lorg/gradle/initialization/BuildRequestContext;Ljava/lang/Object;Lorg/gradle/internal/service/ServiceRegistry;)Ljava/lang/Object;+9
j  org.gradle.tooling.internal.provider.StartParamsValidatingActionExecuter.execute(Lorg/gradle/internal/invocation/BuildAction;Lorg/gradle/initialization/BuildRequestContext;Lorg/gradle/launcher/exec/BuildActionParameters;Lorg/gradle/internal/service/ServiceRegistry;)Ljava/lang/Object;+177
j  org.gradle.tooling.internal.provider.StartParamsValidatingActionExecuter.execute(Lorg/gradle/internal/invocation/BuildAction;Lorg/gradle/initialization/BuildRequestContext;Ljava/lang/Object;Lorg/gradle/internal/service/ServiceRegistry;)Ljava/lang/Object;+9
j  org.gradle.tooling.internal.provider.SessionFailureReportingActionExecuter.execute(Lorg/gradle/internal/invocation/BuildAction;Lorg/gradle/initialization/BuildRequestContext;Lorg/gradle/launcher/exec/BuildActionParameters;Lorg/gradle/internal/service/ServiceRegistry;)Ljava/lang/Object;+9
j  org.gradle.tooling.internal.provider.SessionFailureReportingActionExecuter.execute(Lorg/gradle/internal/invocation/BuildAction;Lorg/gradle/initialization/BuildRequestContext;Ljava/lang/Object;Lorg/gradle/internal/service/ServiceRegistry;)Ljava/lang/Object;+9
j  org.gradle.tooling.internal.provider.SetupLoggingActionExecuter.execute(Lorg/gradle/internal/invocation/BuildAction;Lorg/gradle/initialization/BuildRequestContext;Lorg/gradle/launcher/exec/BuildActionParameters;Lorg/gradle/internal/service/ServiceRegistry;)Ljava/lang/Object;+52
j  org.gradle.tooling.internal.provider.SetupLoggingActionExecuter.execute(Lorg/gradle/internal/invocation/BuildAction;Lorg/gradle/initialization/BuildRequestContext;Ljava/lang/Object;Lorg/gradle/internal/service/ServiceRegistry;)Ljava/lang/Object;+9
j  org.gradle.launcher.daemon.server.exec.ExecuteBuild.doBuild(Lorg/gradle/launcher/daemon/server/api/DaemonCommandExecution;Lorg/gradle/launcher/daemon/protocol/Build;)V+114
j  org.gradle.launcher.daemon.server.exec.BuildCommandOnly.execute(Lorg/gradle/launcher/daemon/server/api/DaemonCommandExecution;)V+49
j  org.gradle.launcher.daemon.server.api.DaemonCommandExecution.proceed()Z+28
j  org.gradle.launcher.daemon.server.exec.WatchForDisconnection.execute(Lorg/gradle/launcher/daemon/server/api/DaemonCommandExecution;)V+19
j  org.gradle.launcher.daemon.server.api.DaemonCommandExecution.proceed()Z+28
j  org.gradle.launcher.daemon.server.exec.ResetDeprecationLogger.execute(Lorg/gradle/launcher/daemon/server/api/DaemonCommandExecution;)V+4
j  org.gradle.launcher.daemon.server.api.DaemonCommandExecution.proceed()Z+28
j  org.gradle.launcher.daemon.server.exec.RequestStopIfSingleUsedDaemon.execute(Lorg/gradle/launcher/daemon/server/api/DaemonCommandExecution;)V+33
j  org.gradle.launcher.daemon.server.api.DaemonCommandExecution.proceed()Z+28
j  org.gradle.launcher.daemon.server.exec.ForwardClientInput$2.call()Ljava/lang/Void;+4
j  org.gradle.launcher.daemon.server.exec.ForwardClientInput$2.call()Ljava/lang/Object;+1
j  org.gradle.util.Swapper.swap(Ljava/lang/Object;Ljava/util/concurrent/Callable;)Ljava/lang/Object;+21
j  org.gradle.launcher.daemon.server.exec.ForwardClientInput.execute(Lorg/gradle/launcher/daemon/server/api/DaemonCommandExecution;)V+63
j  org.gradle.launcher.daemon.server.api.DaemonCommandExecution.proceed()Z+28
j  org.gradle.launcher.daemon.server.exec.LogAndCheckHealth.execute(Lorg/gradle/launcher/daemon/server/api/DaemonCommandExecution;)V+28
j  org.gradle.launcher.daemon.server.api.DaemonCommandExecution.proceed()Z+28
j  org.gradle.launcher.daemon.server.exec.LogToClient.doBuild(Lorg/gradle/launcher/daemon/server/api/DaemonCommandExecution;Lorg/gradle/launcher/daemon/protocol/Build;)V+87
j  org.gradle.launcher.daemon.server.exec.BuildCommandOnly.execute(Lorg/gradle/launcher/daemon/server/api/DaemonCommandExecution;)V+49
j  org.gradle.launcher.daemon.server.api.DaemonCommandExecution.proceed()Z+28
j  org.gradle.launcher.daemon.server.exec.EstablishBuildEnvironment.doBuild(Lorg/gradle/launcher/daemon/server/api/DaemonCommandExecution;Lorg/gradle/launcher/daemon/protocol/Build;)V+365
j  org.gradle.launcher.daemon.server.exec.BuildCommandOnly.execute(Lorg/gradle/launcher/daemon/server/api/DaemonCommandExecution;)V+49
j  org.gradle.launcher.daemon.server.api.DaemonCommandExecution.proceed()Z+28
j  org.gradle.launcher.daemon.server.exec.StartBuildOrRespondWithBusy$1.run()V+44
j  org.gradle.launcher.daemon.server.DaemonStateCoordinator$1.run()V+4
j  org.gradle.internal.concurrent.ExecutorPolicy$CatchAndRecordFailures.onExecute(Ljava/lang/Runnable;)V+1
j  org.gradle.internal.concurrent.ManagedExecutorImpl$1.run()V+25
j  java.util.concurrent.ThreadPoolExecutor.runWorker(Ljava/util/concurrent/ThreadPoolExecutor$Worker;)V+95
j  java.util.concurrent.ThreadPoolExecutor$Worker.run()V+5
j  org.gradle.internal.concurrent.ThreadFactoryImpl$ManagedThreadRunnable.run()V+7
j  java.lang.Thread.run()V+11
v  ~StubRoutines::call_stub

---------------  P R O C E S S  ---------------

Java Threads: ( => current thread )
  0x0000000058d28000 JavaThread "Cache worker for journal cache (C:\Users\maozhuowen\.gradle\caches\journal-1)" [_thread_blocked, id=12040, stack(0x000000005e290000,0x000000005e390000)]
  0x0000000058d27800 JavaThread "Cache worker for file hash cache (F:\cemproject\studiowork\PowerQuality\.gradle\4.10.1\fileHashes)" [_thread_blocked, id=9432, stack(0x000000005d130000,0x000000005d230000)]
  0x0000000058d26800 JavaThread "File lock request listener" [_thread_in_native, id=8868, stack(0x000000005b370000,0x000000005b470000)]
  0x0000000058d26000 JavaThread "Cache worker for file hash cache (C:\Users\maozhuowen\.gradle\caches\4.10.1\fileHashes)" [_thread_blocked, id=6756, stack(0x000000005c040000,0x000000005c140000)]
  0x0000000058ff4000 JavaThread "Stdin handler" [_thread_blocked, id=8008, stack(0x000000005b920000,0x000000005ba20000)]
  0x0000000059130800 JavaThread "Asynchronous log dispatcher for DefaultDaemonConnection: socket connection from /127.0.0.1:61834 to /127.0.0.1:61835" [_thread_blocked, id=11056, stack(0x000000005bc40000,0x000000005bd40000)]
=>0x00000000593e4000 JavaThread "Daemon worker" [_thread_in_vm, id=10544, stack(0x000000005ba60000,0x000000005bb60000)]
  0x00000000593e2800 JavaThread "Cancel handler" [_thread_blocked, id=11424, stack(0x000000005b800000,0x000000005b900000)]
  0x0000000059c44800 JavaThread "Handler for socket connection from /127.0.0.1:61834 to /127.0.0.1:61835" [_thread_in_native, id=12172, stack(0x000000005b480000,0x000000005b580000)]
  0x0000000059c3c800 JavaThread "Daemon" [_thread_blocked, id=7416, stack(0x000000005b250000,0x000000005b350000)]
  0x0000000058fa0800 JavaThread "Daemon periodic checks" [_thread_blocked, id=8716, stack(0x000000005b140000,0x000000005b240000)]
  0x00000000590ea800 JavaThread "Incoming local TCP Connector on port 61834" [_thread_in_native, id=6600, stack(0x000000005b010000,0x000000005b110000)]
  0x0000000058ce5800 JavaThread "Daemon health stats" [_thread_blocked, id=9124, stack(0x0000000057af0000,0x0000000057bf0000)]
  0x000000005764b800 JavaThread "Service Thread" daemon [_thread_blocked, id=11728, stack(0x00000000581a0000,0x00000000582a0000)]
  0x0000000057611000 JavaThread "C1 CompilerThread2" daemon [_thread_blocked, id=11620, stack(0x0000000057ee0000,0x0000000057fe0000)]
  0x0000000057601000 JavaThread "C2 CompilerThread1" daemon [_thread_in_native, id=8684, stack(0x0000000057de0000,0x0000000057ee0000)]
  0x000000005606e800 JavaThread "C2 CompilerThread0" daemon [_thread_in_native, id=12248, stack(0x0000000057c00000,0x0000000057d00000)]
  0x00000000575e9800 JavaThread "Attach Listener" daemon [_thread_blocked, id=7040, stack(0x00000000579f0000,0x0000000057af0000)]
  0x000000005605d800 JavaThread "Signal Dispatcher" daemon [_thread_blocked, id=12056, stack(0x0000000057340000,0x0000000057440000)]
  0x000000005604a800 JavaThread "Finalizer" daemon [_thread_blocked, id=3400, stack(0x00000000574e0000,0x00000000575e0000)]
  0x0000000056003000 JavaThread "Reference Handler" daemon [_thread_blocked, id=11704, stack(0x0000000057200000,0x0000000057300000)]
  0x000000000034f000 JavaThread "main" [_thread_blocked, id=9916, stack(0x0000000002280000,0x0000000002380000)]

Other Threads:
  0x0000000055ffb800 VMThread [stack: 0x0000000057000000,0x0000000057100000] [id=9504]
  0x0000000057691000 WatcherThread [stack: 0x0000000058090000,0x0000000058190000] [id=4996]

VM state:not at safepoint (normal execution)

VM Mutex/Monitor currently owned by a thread: None

Heap:
 PSYoungGen      total 38400K, used 16078K [0x00000000e0000000, 0x00000000e4b00000, 0x0000000100000000)
  eden space 33280K, 32% used [0x00000000e0000000,0x00000000e0ab57c0,0x00000000e2080000)
  from space 5120K, 99% used [0x00000000e2580000,0x00000000e2a7e050,0x00000000e2a80000)
  to   space 5120K, 0% used [0x00000000e2080000,0x00000000e2080000,0x00000000e2580000)
 ParOldGen       total 87552K, used 5579K [0x00000000a0000000, 0x00000000a5580000, 0x00000000e0000000)
  object space 87552K, 6% used [0x00000000a0000000,0x00000000a0572d30,0x00000000a5580000)
 Metaspace       used 17694K, capacity 18158K, committed 18432K, reserved 1064960K
  class space    used 2624K, capacity 2779K, committed 2816K, reserved 1048576K

Card table byte_map: [0x0000000011740000,0x0000000011a50000] byte_map_base: 0x0000000011240000

Marking Bits: (ParMarkBitMap*) 0x0000000071583c10
 Begin Bits: [0x0000000012370000, 0x0000000013b70000)
 End Bits:   [0x0000000013b70000, 0x0000000015370000)

Polling page: 0x0000000000320000

CodeCache: size=245760Kb used=5501Kb max_used=5501Kb free=240258Kb
 bounds [0x0000000002380000, 0x00000000028f0000, 0x0000000011380000]
 total_blobs=1969 nmethods=1571 adapters=310
 compilation: enabled

Compilation events (10 events):
Event: 3.346 Thread 0x0000000057611000 1572       3       java.lang.reflect.Constructor::<init> (50 bytes)
Event: 3.346 Thread 0x0000000057611000 nmethod 1572 0x00000000028df410 code [0x00000000028df580, 0x00000000028df890]
Event: 3.376 Thread 0x0000000057611000 1573       3       java.lang.Enum::<init> (15 bytes)
Event: 3.377 Thread 0x0000000057611000 nmethod 1573 0x00000000028e0790 code [0x00000000028e08e0, 0x00000000028e0ab0]
Event: 3.377 Thread 0x0000000057611000 1574       3       java.util.regex.Pattern$Branch::match (66 bytes)
Event: 3.378 Thread 0x0000000057611000 nmethod 1574 0x00000000028e0b50 code [0x00000000028e0ce0, 0x00000000028e11b8]
Event: 3.379 Thread 0x0000000057611000 1575       3       java.util.concurrent.locks.AbstractQueuedSynchronizer::<init> (5 bytes)
Event: 3.379 Thread 0x0000000057611000 nmethod 1575 0x00000000028e13d0 code [0x00000000028e1540, 0x00000000028e1750]
Event: 3.379 Thread 0x0000000057611000 1576       3       java.util.concurrent.locks.AbstractOwnableSynchronizer::<init> (5 bytes)
Event: 3.379 Thread 0x0000000057611000 nmethod 1576 0x00000000028e1810 code [0x00000000028e1960, 0x00000000028e1b10]

GC Heap History (8 events):
Event: 1.401 GC heap before
{Heap before GC invocations=1 (full 0):
 PSYoungGen      total 38400K, used 33280K [0x00000000e0000000, 0x00000000e2a80000, 0x0000000100000000)
  eden space 33280K, 100% used [0x00000000e0000000,0x00000000e2080000,0x00000000e2080000)
  from space 5120K, 0% used [0x00000000e2580000,0x00000000e2580000,0x00000000e2a80000)
  to   space 5120K, 0% used [0x00000000e2080000,0x00000000e2080000,0x00000000e2580000)
 ParOldGen       total 87552K, used 0K [0x00000000a0000000, 0x00000000a5580000, 0x00000000e0000000)
  object space 87552K, 0% used [0x00000000a0000000,0x00000000a0000000,0x00000000a5580000)
 Metaspace       used 6932K, capacity 7122K, committed 7424K, reserved 1056768K
  class space    used 868K, capacity 910K, committed 1024K, reserved 1048576K
Event: 1.406 GC heap after
Heap after GC invocations=1 (full 0):
 PSYoungGen      total 38400K, used 4431K [0x00000000e0000000, 0x00000000e2a80000, 0x0000000100000000)
  eden space 33280K, 0% used [0x00000000e0000000,0x00000000e0000000,0x00000000e2080000)
  from space 5120K, 86% used [0x00000000e2080000,0x00000000e24d3d28,0x00000000e2580000)
  to   space 5120K, 0% used [0x00000000e2580000,0x00000000e2580000,0x00000000e2a80000)
 ParOldGen       total 87552K, used 8K [0x00000000a0000000, 0x00000000a5580000, 0x00000000e0000000)
  object space 87552K, 0% used [0x00000000a0000000,0x00000000a0002000,0x00000000a5580000)
 Metaspace       used 6932K, capacity 7122K, committed 7424K, reserved 1056768K
  class space    used 868K, capacity 910K, committed 1024K, reserved 1048576K
}
Event: 2.053 GC heap before
{Heap before GC invocations=2 (full 0):
 PSYoungGen      total 38400K, used 37711K [0x00000000e0000000, 0x00000000e2a80000, 0x0000000100000000)
  eden space 33280K, 100% used [0x00000000e0000000,0x00000000e2080000,0x00000000e2080000)
  from space 5120K, 86% used [0x00000000e2080000,0x00000000e24d3d28,0x00000000e2580000)
  to   space 5120K, 0% used [0x00000000e2580000,0x00000000e2580000,0x00000000e2a80000)
 ParOldGen       total 87552K, used 8K [0x00000000a0000000, 0x00000000a5580000, 0x00000000e0000000)
  object space 87552K, 0% used [0x00000000a0000000,0x00000000a0002000,0x00000000a5580000)
 Metaspace       used 9338K, capacity 9666K, committed 9856K, reserved 1058816K
  class space    used 1278K, capacity 1393K, committed 1408K, reserved 1048576K
Event: 2.058 GC heap after
Heap after GC invocations=2 (full 0):
 PSYoungGen      total 38400K, used 5097K [0x00000000e0000000, 0x00000000e2a80000, 0x0000000100000000)
  eden space 33280K, 0% used [0x00000000e0000000,0x00000000e0000000,0x00000000e2080000)
  from space 5120K, 99% used [0x00000000e2580000,0x00000000e2a7a5b8,0x00000000e2a80000)
  to   space 5120K, 0% used [0x00000000e2080000,0x00000000e2080000,0x00000000e2580000)
 ParOldGen       total 87552K, used 48K [0x00000000a0000000, 0x00000000a5580000, 0x00000000e0000000)
  object space 87552K, 0% used [0x00000000a0000000,0x00000000a000c000,0x00000000a5580000)
 Metaspace       used 9338K, capacity 9666K, committed 9856K, reserved 1058816K
  class space    used 1278K, capacity 1393K, committed 1408K, reserved 1048576K
}
Event: 2.768 GC heap before
{Heap before GC invocations=3 (full 0):
 PSYoungGen      total 38400K, used 38377K [0x00000000e0000000, 0x00000000e2a80000, 0x0000000100000000)
  eden space 33280K, 100% used [0x00000000e0000000,0x00000000e2080000,0x00000000e2080000)
  from space 5120K, 99% used [0x00000000e2580000,0x00000000e2a7a5b8,0x00000000e2a80000)
  to   space 5120K, 0% used [0x00000000e2080000,0x00000000e2080000,0x00000000e2580000)
 ParOldGen       total 87552K, used 48K [0x00000000a0000000, 0x00000000a5580000, 0x00000000e0000000)
  object space 87552K, 0% used [0x00000000a0000000,0x00000000a000c000,0x00000000a5580000)
 Metaspace       used 13663K, capacity 14080K, committed 14208K, reserved 1060864K
  class space    used 1958K, capacity 2098K, committed 2176K, reserved 1048576K
Event: 2.774 GC heap after
Heap after GC invocations=3 (full 0):
 PSYoungGen      total 38400K, used 5112K [0x00000000e0000000, 0x00000000e2a80000, 0x0000000100000000)
  eden space 33280K, 0% used [0x00000000e0000000,0x00000000e0000000,0x00000000e2080000)
  from space 5120K, 99% used [0x00000000e2080000,0x00000000e257e030,0x00000000e2580000)
  to   space 5120K, 0% used [0x00000000e2580000,0x00000000e2580000,0x00000000e2a80000)
 ParOldGen       total 87552K, used 2264K [0x00000000a0000000, 0x00000000a5580000, 0x00000000e0000000)
  object space 87552K, 2% used [0x00000000a0000000,0x00000000a02361f0,0x00000000a5580000)
 Metaspace       used 13663K, capacity 14080K, committed 14208K, reserved 1060864K
  class space    used 1958K, capacity 2098K, committed 2176K, reserved 1048576K
}
Event: 3.148 GC heap before
{Heap before GC invocations=4 (full 0):
 PSYoungGen      total 38400K, used 38392K [0x00000000e0000000, 0x00000000e2a80000, 0x0000000100000000)
  eden space 33280K, 100% used [0x00000000e0000000,0x00000000e2080000,0x00000000e2080000)
  from space 5120K, 99% used [0x00000000e2080000,0x00000000e257e030,0x00000000e2580000)
  to   space 5120K, 0% used [0x00000000e2580000,0x00000000e2580000,0x00000000e2a80000)
 ParOldGen       total 87552K, used 2264K [0x00000000a0000000, 0x00000000a5580000, 0x00000000e0000000)
  object space 87552K, 2% used [0x00000000a0000000,0x00000000a02361f0,0x00000000a5580000)
 Metaspace       used 16595K, capacity 17006K, committed 17280K, reserved 1064960K
  class space    used 2443K, capacity 2587K, committed 2688K, reserved 1048576K
Event: 3.168 GC heap after
Heap after GC invocations=4 (full 0):
 PSYoungGen      total 38400K, used 5112K [0x00000000e0000000, 0x00000000e4b00000, 0x0000000100000000)
  eden space 33280K, 0% used [0x00000000e0000000,0x00000000e0000000,0x00000000e2080000)
  from space 5120K, 99% used [0x00000000e2580000,0x00000000e2a7e050,0x00000000e2a80000)
  to   space 5120K, 0% used [0x00000000e2080000,0x00000000e2080000,0x00000000e2580000)
 ParOldGen       total 87552K, used 5579K [0x00000000a0000000, 0x00000000a5580000, 0x00000000e0000000)
  object space 87552K, 6% used [0x00000000a0000000,0x00000000a0572d30,0x00000000a5580000)
 Metaspace       used 16595K, capacity 17006K, committed 17280K, reserved 1064960K
  class space    used 2443K, capacity 2587K, committed 2688K, reserved 1048576K
}

Deoptimization events (10 events):
Event: 2.562 Thread 0x00000000593e4000 Uncommon trap: reason=bimorphic action=maybe_recompile pc=0x0000000002613678 method=java.util.HashMap.putVal(ILjava/lang/Object;Ljava/lang/Object;ZZ)Ljava/lang/Object; @ 253
Event: 2.562 Thread 0x00000000593e4000 Uncommon trap: reason=bimorphic action=maybe_recompile pc=0x0000000002613678 method=java.util.HashMap.putVal(ILjava/lang/Object;Ljava/lang/Object;ZZ)Ljava/lang/Object; @ 253
Event: 2.824 Thread 0x00000000593e4000 Uncommon trap: reason=class_check action=maybe_recompile pc=0x000000000263d848 method=java.util.regex.Matcher.match(II)Z @ 86
Event: 2.836 Thread 0x00000000593e4000 Uncommon trap: reason=class_check action=maybe_recompile pc=0x000000000263d848 method=java.util.regex.Matcher.match(II)Z @ 86
Event: 2.836 Thread 0x00000000593e4000 Uncommon trap: reason=class_check action=maybe_recompile pc=0x000000000263d848 method=java.util.regex.Matcher.match(II)Z @ 86
Event: 2.837 Thread 0x00000000593e4000 Uncommon trap: reason=class_check action=maybe_recompile pc=0x000000000260cf4c method=java.util.regex.Matcher.match(II)Z @ 86
Event: 2.916 Thread 0x00000000593e4000 Uncommon trap: reason=unstable_if action=reinterpret pc=0x00000000027ea374 method=java.lang.String.lastIndexOf([CII[CIII)I @ 66
Event: 3.284 Thread 0x00000000593e4000 Uncommon trap: reason=unstable_if action=reinterpret pc=0x00000000024e4208 method=java.net.URI.match(CJJ)Z @ 19
Event: 3.284 Thread 0x00000000593e4000 Uncommon trap: reason=unstable_if action=reinterpret pc=0x00000000025e7db0 method=java.net.URI.match(CJJ)Z @ 19
Event: 3.345 Thread 0x00000000593e4000 Uncommon trap: reason=unstable_if action=reinterpret pc=0x000000000263a37c method=java.io.File.getName()Ljava/lang/String; @ 16

Classes redefined (0 events):
No events

Internal exceptions (10 events):
Event: 2.515 Thread 0x0000000059c44800 Exception <a 'java/lang/NoSuchMethodError': <clinit>> (0x00000000e07cb6d8) thrown at [C:\re\workspace\8-2-build-windows-amd64-cygwin\jdk8u172\10810\hotspot\src\share\vm\prims\jni.cpp, line 1613]
Event: 2.516 Thread 0x0000000059c44800 Exception <a 'java/lang/NoSuchMethodError': <clinit>> (0x00000000e07d7080) thrown at [C:\re\workspace\8-2-build-windows-amd64-cygwin\jdk8u172\10810\hotspot\src\share\vm\prims\jni.cpp, line 1613]
Event: 2.517 Thread 0x0000000059c44800 Exception <a 'java/lang/NoSuchMethodError': <clinit>> (0x00000000e07e0660) thrown at [C:\re\workspace\8-2-build-windows-amd64-cygwin\jdk8u172\10810\hotspot\src\share\vm\prims\jni.cpp, line 1613]
Event: 2.519 Thread 0x0000000059c44800 Exception <a 'java/lang/NoSuchMethodError': <clinit>> (0x00000000e0807838) thrown at [C:\re\workspace\8-2-build-windows-amd64-cygwin\jdk8u172\10810\hotspot\src\share\vm\prims\jni.cpp, line 1613]
Event: 2.522 Thread 0x0000000059c44800 Exception <a 'java/lang/NoSuchMethodError': <clinit>> (0x00000000e081f9a0) thrown at [C:\re\workspace\8-2-build-windows-amd64-cygwin\jdk8u172\10810\hotspot\src\share\vm\prims\jni.cpp, line 1613]
Event: 2.523 Thread 0x0000000059c44800 Exception <a 'java/lang/NoSuchMethodError': <clinit>> (0x00000000e0828468) thrown at [C:\re\workspace\8-2-build-windows-amd64-cygwin\jdk8u172\10810\hotspot\src\share\vm\prims\jni.cpp, line 1613]
Event: 2.524 Thread 0x0000000059c44800 Exception <a 'java/lang/NoSuchMethodError': <clinit>> (0x00000000e083e600) thrown at [C:\re\workspace\8-2-build-windows-amd64-cygwin\jdk8u172\10810\hotspot\src\share\vm\prims\jni.cpp, line 1613]
Event: 2.532 Thread 0x0000000059c44800 Exception <a 'java/lang/NoSuchMethodError': <clinit>> (0x00000000e08a70c8) thrown at [C:\re\workspace\8-2-build-windows-amd64-cygwin\jdk8u172\10810\hotspot\src\share\vm\prims\jni.cpp, line 1613]
Event: 2.535 Thread 0x0000000059c44800 Exception <a 'java/lang/NoSuchMethodError': <clinit>> (0x00000000e08d3208) thrown at [C:\re\workspace\8-2-build-windows-amd64-cygwin\jdk8u172\10810\hotspot\src\share\vm\prims\jni.cpp, line 1613]
Event: 2.536 Thread 0x0000000059c44800 Exception <a 'java/lang/NoSuchMethodError': <clinit>> (0x00000000e08f0468) thrown at [C:\re\workspace\8-2-build-windows-amd64-cygwin\jdk8u172\10810\hotspot\src\share\vm\prims\jni.cpp, line 1613]

Events (10 events):
Event: 3.401 loading class org/gradle/api/internal/changedetection/state/InMemoryDecoratedCache$1
Event: 3.401 loading class org/gradle/api/internal/changedetection/state/InMemoryDecoratedCache$1 done
Event: 3.402 loading class com/google/common/cache/LocalCache$LoadingValueReference
Event: 3.402 loading class com/google/common/cache/LocalCache$LoadingValueReference done
Event: 3.403 loading class com/google/common/util/concurrent/SettableFuture
Event: 3.403 loading class com/google/common/util/concurrent/SettableFuture done
Event: 3.404 loading class com/google/common/util/concurrent/AbstractFuture
Event: 3.404 loading class com/google/common/util/concurrent/AbstractFuture done
Event: 3.405 loading class com/google/common/util/concurrent/AbstractFuture$Sync
Event: 3.405 loading class com/google/common/util/concurrent/AbstractFuture$Sync done


Dynamic libraries:
0x000000013fc80000 - 0x000000013fcb7000 	C:\Program Files (x86)\Java\jdk1.8.0_172\bin\java.exe
0x00000000775c0000 - 0x000000007775f000 	C:\Windows\SYSTEM32\ntdll.dll
0x00000000774a0000 - 0x00000000775bf000 	C:\Windows\system32\kernel32.dll
0x000007fefd070000 - 0x000007fefd0d7000 	C:\Windows\system32\KERNELBASE.dll
0x000007feff360000 - 0x000007feff43b000 	C:\Windows\system32\ADVAPI32.dll
0x000007feff6e0000 - 0x000007feff77f000 	C:\Windows\system32\msvcrt.dll
0x000007fefe920000 - 0x000007fefe93f000 	C:\Windows\SYSTEM32\sechost.dll
0x000007fefd410000 - 0x000007fefd53c000 	C:\Windows\system32\RPCRT4.dll
0x00000000773a0000 - 0x000000007749b000 	C:\Windows\system32\USER32.dll
0x000007fefec20000 - 0x000007fefec87000 	C:\Windows\system32\GDI32.dll
0x000007fefe940000 - 0x000007fefe94e000 	C:\Windows\system32\LPK.dll
0x000007fefd540000 - 0x000007fefd60b000 	C:\Windows\system32\USP10.dll
0x000007fefb8f0000 - 0x000007fefbae5000 	C:\Windows\WinSxS\amd64_microsoft.windows.common-controls_6595b64144ccf1df_6.0.7601.24483_none_e372d88f30fbb845\COMCTL32.dll
0x000007feff780000 - 0x000007feff7f1000 	C:\Windows\system32\SHLWAPI.dll
0x000007feff880000 - 0x000007feff8ae000 	C:\Windows\system32\IMM32.DLL
0x000007fefd610000 - 0x000007fefd71b000 	C:\Windows\system32\MSCTF.dll
0x0000000066570000 - 0x0000000066642000 	C:\Program Files (x86)\Java\jdk1.8.0_172\jre\bin\msvcr100.dll
0x0000000070d60000 - 0x0000000071603000 	C:\Program Files (x86)\Java\jdk1.8.0_172\jre\bin\server\jvm.dll
0x000007fefa8d0000 - 0x000007fefa8d9000 	C:\Windows\system32\WSOCK32.dll
0x000007fefd340000 - 0x000007fefd38d000 	C:\Windows\system32\WS2_32.dll
0x000007fefdb80000 - 0x000007fefdb88000 	C:\Windows\system32\NSI.dll
0x000007fefd2f0000 - 0x000007fefd32b000 	C:\Windows\system32\WINMM.dll
0x000007fefbf80000 - 0x000007fefbf8c000 	C:\Windows\system32\VERSION.dll
0x0000000077770000 - 0x0000000077777000 	C:\Windows\system32\PSAPI.DLL
0x0000000000310000 - 0x000000000031f000 	C:\Program Files (x86)\Java\jdk1.8.0_172\jre\bin\verify.dll
0x0000000000350000 - 0x0000000000379000 	C:\Program Files (x86)\Java\jdk1.8.0_172\jre\bin\java.dll
0x0000000066550000 - 0x0000000066566000 	C:\Program Files (x86)\Java\jdk1.8.0_172\jre\bin\zip.dll
0x000007fefdb90000 - 0x000007fefe91b000 	C:\Windows\system32\SHELL32.dll
0x000007feff4e0000 - 0x000007feff6df000 	C:\Windows\system32\ole32.dll
0x000007fefcee0000 - 0x000007fefceef000 	C:\Windows\system32\profapi.dll
0x00000000610f0000 - 0x000000006110a000 	C:\Program Files (x86)\Java\jdk1.8.0_172\jre\bin\net.dll
0x000007fefc5f0000 - 0x000007fefc645000 	C:\Windows\system32\mswsock.dll
0x000007fefc5e0000 - 0x000007fefc5e7000 	C:\Windows\System32\wship6.dll
0x0000000061000000 - 0x0000000061011000 	C:\Program Files (x86)\Java\jdk1.8.0_172\jre\bin\nio.dll
0x000007feeb540000 - 0x000007feeb55e000 	C:\Users\maozhuowen\.gradle\native\25\windows-amd64\native-platform.dll
0x000000005fbe0000 - 0x000000005fbed000 	C:\Program Files (x86)\Java\jdk1.8.0_172\jre\bin\management.dll
0x000007fefc650000 - 0x000007fefc668000 	C:\Windows\system32\CRYPTSP.dll
0x000007fefc350000 - 0x000007fefc397000 	C:\Windows\system32\rsaenh.dll
0x000007fefd1d0000 - 0x000007fefd1ef000 	C:\Windows\system32\USERENV.dll
0x000007fefcd40000 - 0x000007fefcd4f000 	C:\Windows\system32\CRYPTBASE.dll
0x000007fefa3b0000 - 0x000007fefa3d7000 	C:\Windows\system32\IPHLPAPI.DLL
0x000007fefa3a0000 - 0x000007fefa3ab000 	C:\Windows\system32\WINNSI.DLL
0x000007fef9e20000 - 0x000007fef9e31000 	C:\Windows\system32\dhcpcsvc6.DLL
0x000007fef9e00000 - 0x000007fef9e18000 	C:\Windows\system32\dhcpcsvc.DLL

VM Arguments:
jvm_args: -Xmx1536m -Dfile.encoding=UTF-8 -Duser.country=CN -Duser.language=zh -Duser.variant 
java_command: org.gradle.launcher.daemon.bootstrap.GradleDaemon 4.10.1
java_class_path (initial): C:\Users\maozhuowen\.gradle\wrapper\dists\gradle-4.10.1-all\455itskqi2qtf0v2sja68alqd\gradle-4.10.1\lib\gradle-launcher-4.10.1.jar
Launcher Type: SUN_STANDARD

Environment Variables:
JAVA_HOME=C:\Program Files (x86)\Java\jdk1.8.0_172
CLASSPATH=.;C:\Program Files (x86)\Java\jdk1.8.0_172lib;C:\Program Files (x86)\Java\jdk1.8.0_172lib\tools.jar
PATH=C:\Program Files (x86)\Common Files\Oracle\Java\javapath;%SystemRoot%\system32;%SystemRoot%;%SystemRoot%\System32\Wbem;%SYSTEMROOT%\System32\WindowsPowerShell\v1.0\;%JAVA_HOME%\bin;%JAVA_HOME%\jre\bin;H:\android-download\android-sdk-windows\platform-tools;H:\android-download\android-sdk-windows\tools;H:\android-download\android-sdk-windows\build-tools;H:\android-download\android-sdk-windows\platform-tools;D:\Program Files\Git\cmd;D:\Program Files\TortoiseSVN\bin;D:\Python27;D:\Program Files (x86)\Python\Python37;D:\Program Files\nodejs\;C:\Program Files\TortoiseSVN\bin;C:\Android;C:\Windows\System32;C:\Users\Administrator\AppData\Local\BypassRuntm;C:\Users\Administrator\AppData\Roaming\npm
USERNAME=maozhuowen
OS=Windows_NT
PROCESSOR_IDENTIFIER=Intel64 Family 6 Model 94 Stepping 3, GenuineIntel



---------------  S Y S T E M  ---------------

OS: Windows 7 , 64 bit Build 7601 (6.1.7601.24545)

CPU:total 4 (initial active 4) (4 cores per cpu, 1 threads per core) family 6 model 94 stepping 3, cmov, cx8, fxsr, mmx, sse, sse2, sse3, ssse3, sse4.1, sse4.2, popcnt, avx, avx2, aes, clmul, erms, rtm, 3dnowpref, lzcnt, tsc, tscinvbit, bmi1, bmi2, adx

Memory: 4k page, physical 8288696k(11768k free), swap 33152884k(4988k free)

vm_info: Java HotSpot(TM) 64-Bit Server VM (25.172-b11) for windows-amd64 JRE (1.8.0_172-b11), built on Mar 28 2018 21:21:52 by "java_re" with MS VC++ 10.0 (VS2010)

time: Wed Oct 14 16:50:18 2020
elapsed time: 3 seconds (0d 0h 0m 3s)

